[2015-02-24 04:36:28 INFO] Begin Time:  2015-02-24 04:36:28
[2015-02-24 04:36:28 INFO] Total Threads Selected: 16
[2015-02-24 04:36:28 INFO] Runnable: ['11', '10', '12', '1', '3', '2', '5', '4', '7', '6', '9', '8']
[2015-02-24 04:36:28 INFO] Runnablea: ['11', '10', '12', '1', '3', '2', '5', '4', '7', '6', '9', '8']
[2015-02-24 04:36:28 INFO] Executing: perf stat /home/apoorve/project/splash2_bench/codes/apps/ocean/contiguous_partitions/OCEANC -n258 -p16 -e1e-07 -r20000 -t2
[2015-02-24 04:36:28 INFO] Runnablea: ['11', '10', '12', '1', '2', '5', '4', '7', '6', '9', '8']
[2015-02-24 04:36:28 INFO] Runnablea: ['11', '10', '1', '2', '5', '4', '7', '6', '9', '8']
[2015-02-24 04:36:28 INFO] Runnablea: ['11', '1', '2', '5', '4', '7', '6', '9', '8']
[2015-02-24 04:36:28 INFO] Runnablea: ['11', '1', '5', '4', '7', '6', '9', '8']
[2015-02-24 04:36:28 INFO] Runnablea: ['11', '1', '4', '7', '6', '9', '8']
[2015-02-24 04:36:28 INFO] Runnablea: ['11', '1', '4', '7', '6', '8']
[2015-02-24 04:36:28 INFO] Runnablea: ['11', '1', '4', '7', '8']
[2015-02-24 04:36:28 INFO] Runnablea: ['1', '4', '7', '8']
[2015-02-24 04:36:28 INFO] Runnablea: ['1', '4', '7']
[2015-02-24 04:36:28 INFO] Runnablea: ['4', '7']
[2015-02-24 04:36:28 INFO] Runnablea: ['4']
[2015-02-24 04:36:28 INFO] First Batch Submitted

[2015-02-24 04:36:48 INFO] In Group Exec Completed1
[2015-02-24 04:38:40 INFO] sleeping for jobs to finish
[2015-02-24 04:39:57 INFO] woken up. checking if jobs are finished
[2015-02-24 04:40:19 INFO] In Group Exec Completed1
[2015-02-24 04:40:23 INFO] sleeping for jobs to finish
[2015-02-24 04:41:23 INFO] woken up. checking if jobs are finished
[2015-02-24 04:41:23 INFO] In Group Exec Completed1
[2015-02-24 04:49:19 INFO] sleeping for jobs to finish
[2015-02-24 04:50:19 INFO] woken up. checking if jobs are finished
[2015-02-24 04:50:19 INFO] In Group Exec Completed1
[2015-02-24 05:00:55 INFO] App Completed whose ID is: 3
[2015-02-24 05:00:57 INFO] Number of threads Freed: 16
[2015-02-24 05:00:58 INFO] Searching for new set of applications to execute
[2015-02-24 05:01:08 INFO] New Application Found
[2015-02-24 05:01:13 INFO] Executing perf stat echo "1.5e-16 216 90000 6 0 0 10000 0 16 6.212752" > /tmp/input ; /home/apoorve/project/splash2_bench/codes/apps/water-nsquared/WATER-NSQUARED < /tmp/input
[2015-02-24 05:01:26 INFO] sleeping for jobs to finish
[2015-02-24 05:02:26 INFO] woken up. checking if jobs are finished
[2015-02-24 05:02:26 INFO] In Group Exec Completed1
[2015-02-24 05:06:12 INFO] sleeping for jobs to finish
[2015-02-24 05:07:12 INFO] woken up. checking if jobs are finished
[2015-02-24 05:07:12 INFO] In Group Exec Completed1
[2015-02-24 05:07:12 INFO] sleeping for jobs to finish
[2015-02-24 05:08:12 INFO] woken up. checking if jobs are finished
[2015-02-24 05:08:12 INFO] In Group Exec Completed1
[2015-02-24 13:32:14 INFO] App Completed whose ID is: 11
[2015-02-24 13:32:14 INFO] Number of threads Freed: 16
[2015-02-24 13:32:14 INFO] Searching for new set of applications to execute
[2015-02-24 13:32:14 INFO] New Application Found
[2015-02-24 13:32:14 INFO] Executing perf stat /home/apoorve/project/splash2_bench/codes/apps/ocean/non_contiguous_partitions/OCEANNC -n258 -p16 -e1e-07 -r20000 -t5
[2015-02-24 13:32:14 INFO] sleeping for jobs to finish
[2015-02-24 15:41:21 INFO] Begin Time:  2015-02-24 15:41:21
[2015-02-24 15:41:21 INFO] Total Threads Selected: 16
[2015-02-24 15:41:21 INFO] Runnable: ['11', '10', '12', '1', '3', '2', '5', '4', '7', '6', '9', '8']
[2015-02-24 15:41:21 INFO] Runnablea: ['11', '10', '12', '1', '3', '2', '5', '4', '7', '6', '9', '8']
[2015-02-24 15:41:21 INFO] Executing: perf stat /home/apoorve/project/splash2_bench/codes/apps/ocean/non_contiguous_partitions/OCEANNC -n258 -p16 -e1e-07 -r20000 -t8
[2015-02-24 15:41:21 INFO] Runnablea: ['11', '10', '1', '3', '2', '5', '4', '7', '6', '9', '8']
[2015-02-24 15:41:21 INFO] Runnablea: ['11', '10', '1', '3', '2', '5', '7', '6', '9', '8']
[2015-02-24 15:41:21 INFO] Runnablea: ['11', '10', '1', '3', '2', '5', '7', '6', '9']
[2015-02-24 15:41:21 INFO] Runnablea: ['11', '10', '1', '3', '2', '5', '7', '9']
[2015-02-24 15:41:21 INFO] Runnablea: ['11', '10', '1', '3', '2', '5', '9']
[2015-02-24 15:41:21 INFO] Runnablea: ['11', '10', '3', '2', '5', '9']
[2015-02-24 15:41:21 INFO] Runnablea: ['11', '10', '2', '5', '9']
[2015-02-24 15:41:21 INFO] Runnablea: ['10', '2', '5', '9']
[2015-02-24 15:41:21 INFO] Runnablea: ['10', '5', '9']
[2015-02-24 15:41:21 INFO] Runnablea: ['10', '5']
[2015-02-24 15:41:21 INFO] Runnablea: ['10']
[2015-02-24 15:41:21 INFO] First Batch Submitted

[2015-02-24 15:41:21 INFO] In Group Exec Completed1
[2015-02-24 15:41:21 INFO] sleeping for jobs to finish
[2015-02-24 15:42:21 INFO] woken up. checking if jobs are finished
[2015-02-24 15:42:21 INFO] In Group Exec Completed1
[2015-02-24 15:42:21 INFO] sleeping for jobs to finish
[2015-02-24 15:43:21 INFO] woken up. checking if jobs are finished
[2015-02-24 15:43:21 INFO] In Group Exec Completed1
[2015-02-24 15:43:21 INFO] sleeping for jobs to finish
[2015-02-24 15:44:21 INFO] woken up. checking if jobs are finished
[2015-02-24 15:44:21 INFO] In Group Exec Completed1
[2015-02-24 15:44:21 INFO] sleeping for jobs to finish
[2015-02-24 15:46:40 INFO] Begin Time:  2015-02-24 15:46:40
[2015-02-24 15:46:40 INFO] Total Threads Selected: 32
[2015-02-24 15:46:40 INFO] Runnable: ['11', '10', '12', '1', '3', '2', '5', '4', '7', '6', '9', '8']
[2015-02-24 15:46:40 INFO] Runnablea: ['11', '10', '12', '1', '3', '2', '5', '4', '7', '6', '9', '8']
[2015-02-24 15:46:40 INFO] Executing: perf stat /home/apoorve/project/splash2_bench/codes/apps/ocean/non_contiguous_partitions/OCEANNC -n258 -p16 -e1e-07 -r20000 -t8
[2015-02-24 15:46:40 INFO] Runnablea: ['11', '10', '1', '3', '2', '5', '4', '7', '6', '9', '8']
[2015-02-24 15:46:40 INFO] Executing: perf stat echo "1.5e-16 216 90000 6 0 0 10000 0 16 6.212752" > /tmp/input ; /home/apoorve/project/splash2_bench/codes/apps/water-nsquared/WATER-NSQUARED < /tmp/input
[2015-02-24 15:46:40 INFO] Runnablea: ['11', '10', '1', '3', '2', '4', '7', '6', '9', '8']
[2015-02-24 15:46:40 INFO] Runnablea: ['11', '1', '3', '2', '4', '7', '6', '9', '8']
[2015-02-24 15:46:40 INFO] Runnablea: ['11', '1', '3', '2', '4', '7', '9', '8']
[2015-02-24 15:46:40 INFO] Runnablea: ['11', '1', '3', '2', '4', '9', '8']
[2015-02-24 15:46:40 INFO] Runnablea: ['1', '3', '2', '4', '9', '8']
[2015-02-24 15:46:40 INFO] Runnablea: ['1', '3', '2', '9', '8']
[2015-02-24 15:46:40 INFO] Runnablea: ['1', '3', '2', '8']
[2015-02-24 15:46:40 INFO] Runnablea: ['1', '3', '2']
[2015-02-24 15:46:40 INFO] Runnablea: ['1', '3']
[2015-02-24 15:46:40 INFO] Runnablea: ['3']
[2015-02-24 15:46:40 INFO] First Batch Submitted

[2015-02-24 15:46:40 INFO] In Group Exec Completed1
[2015-02-24 15:46:40 INFO] sleeping for jobs to finish
[2015-02-24 15:47:40 INFO] woken up. checking if jobs are finished
[2015-02-24 15:47:40 INFO] In Group Exec Completed1
[2015-02-24 15:47:40 INFO] sleeping for jobs to finish
[2015-02-24 15:48:40 INFO] woken up. checking if jobs are finished
[2015-02-24 15:48:40 INFO] In Group Exec Completed1
[2015-02-24 15:48:40 INFO] sleeping for jobs to finish
[2015-02-24 15:49:40 INFO] woken up. checking if jobs are finished
[2015-02-24 15:49:40 INFO] In Group Exec Completed1
[2015-02-24 15:49:40 INFO] sleeping for jobs to finish
