[2015-02-28 20:28:29 INFO] Begin Time:  2015-02-28 20:28:29
[2015-02-28 20:28:29 INFO] Executing echo "1.5e-16 216 90000 6 0 0 10000 0 16 6.212752" > /tmp/input ; /home/apoorve/ieeeclusterproject/splash2_bench/codes/apps/water-nsquared/WATER-NSQUARED < /tmp/input
[2015-02-28 20:39:13 INFO] Executing /home/apoorve/ieeeclusterproject/splash2_bench/codes/kernels/lu/non_contiguous_blocks/LUNC -n9500 -p16 -b16
[2015-02-28 20:44:05 INFO] Executing echo "1.5e-16 216 90000 6 0 0 10000 0 16 6.212752" > /tmp/input ; /home/apoorve/ieeeclusterproject/splash2_bench/codes/apps/water-nsquared/WATER-NSQUARED < /tmp/input
[2015-02-28 20:54:48 INFO] Executing /home/apoorve/ieeeclusterproject/splash2_bench/codes/apps/ocean/non_contiguous_partitions/OCEANNC -n258 -p16 -e1e-07 -r20000 -t8
[2015-02-28 21:00:03 INFO] Executing echo "1.5e-16 216 90000 6 0 0 10000 0 16 6.212752" > /tmp/input ; /home/apoorve/ieeeclusterproject/splash2_bench/codes/apps/water-nsquared/WATER-NSQUARED < /tmp/input
[2015-02-28 21:10:55 INFO] Executing echo "1.5e-16 216 90000 6 0 0 10000 0 16 6.212752" > /tmp/input ; /home/apoorve/ieeeclusterproject/splash2_bench/codes/apps/water-nsquared/WATER-NSQUARED < /tmp/input
[2015-02-28 21:21:53 INFO] Executing echo "1.5e-16 216 90000 6 0 0 10000 0 16 6.212752" > /tmp/input ; /home/apoorve/ieeeclusterproject/splash2_bench/codes/apps/water-nsquared/WATER-NSQUARED < /tmp/input
[2015-02-28 21:32:47 INFO] Executing echo "1.5e-16 216 90000 6 0 0 10000 0 16 6.212752" > /tmp/input ; /home/apoorve/ieeeclusterproject/splash2_bench/codes/apps/water-nsquared/WATER-NSQUARED < /tmp/input
[2015-02-28 21:43:26 INFO] Executing /home/apoorve/ieeeclusterproject/splash2_bench/codes/apps/ocean/non_contiguous_partitions/OCEANNC -n258 -p16 -e1e-07 -r20000 -t5
[2015-02-28 21:52:46 INFO] Executing /home/apoorve/ieeeclusterproject/splash2_bench/codes/apps/ocean/non_contiguous_partitions/OCEANNC -n258 -p16 -e1e-07 -r20000 -t5
[2015-02-28 22:01:09 INFO] Executing /home/apoorve/ieeeclusterproject/splash2_bench/codes/apps/ocean/non_contiguous_partitions/OCEANNC -n258 -p16 -e1e-07 -r20000 -t5
[2015-02-28 22:09:37 INFO] Executing /home/apoorve/ieeeclusterproject/splash2_bench/codes/apps/ocean/non_contiguous_partitions/OCEANNC -n258 -p16 -e1e-07 -r20000 -t5
[2015-02-28 22:18:14 INFO] Executing /home/apoorve/ieeeclusterproject/splash2_bench/codes/apps/ocean/contiguous_partitions/OCEANC -n258 -p16 -e1e-07 -r20000 -t2
[2015-02-28 22:41:22 INFO] Executing /home/apoorve/ieeeclusterproject/splash2_bench/codes/apps/ocean/non_contiguous_partitions/OCEANNC -n258 -p16 -e1e-07 -r20000 -t4
[2015-02-28 22:56:48 INFO] Executing echo "1.5e-16 216 90000 6 0 0 10000 0 16 6.212752" > /tmp/input ; /home/apoorve/ieeeclusterproject/splash2_bench/codes/apps/water-nsquared/WATER-NSQUARED < /tmp/input
[2015-02-28 23:09:22 INFO] Executing /home/apoorve/ieeeclusterproject/splash2_bench/codes/apps/ocean/contiguous_partitions/OCEANC -n258 -p16 -e1e-07 -r20000 -t4
[2015-02-28 23:21:14 INFO] Executing /home/apoorve/ieeeclusterproject/splash2_bench/codes/kernels/lu/contiguous_blocks/LUC -n9500 -p16 -b16
[2015-02-28 23:27:04 INFO] Executing echo "1.5e-16 216 100000 6 0 0 25000 0 16 6.212752" > /tmp/input ; /home/apoorve/ieeeclusterproject/splash2_bench/codes/apps/water-nsquared/WATER-NSQUARED < /tmp/input
[2015-02-28 23:40:55 INFO] Executing /home/apoorve/ieeeclusterproject/splash2_bench/codes/kernels/lu/non_contiguous_blocks/LUNC -n9500 -p16 -b8
[2015-02-28 23:50:25 INFO] Executing /home/apoorve/ieeeclusterproject/splash2_bench/codes/kernels/lu/contiguous_blocks/LUC -n9500 -p16 -b8
[2015-02-28 23:56:55 INFO] End Time:  2015-02-28 23:56:55
